<?xml version="1.0" encoding="UTF-8"?>
<testng-results skipped="0" failed="0" ignored="0" total="1" passed="1">
  <reporter-output>
  </reporter-output>
  <suite name="com.capg.my_maven_project.AppTest" duration-ms="86" started-at="2017-12-31T01:46:31Z" finished-at="2017-12-31T01:46:31Z">
    <groups>
    </groups>
    <test name="Command line test" duration-ms="86" started-at="2017-12-31T01:46:31Z" finished-at="2017-12-31T01:46:31Z">
      <class name="com.capg.my_maven_project.AppTest">
        <test-method status="PASS" signature="sample()[pri:0, instance:com.capg.my_maven_project.AppTest@1b40d5f0]" name="sample" duration-ms="13" started-at="2017-12-31T12:46:31Z" finished-at="2017-12-31T12:46:31Z">
          <reporter-output>
          </reporter-output>
        </test-method> <!-- sample -->
      </class> <!-- com.capg.my_maven_project.AppTest -->
    </test> <!-- Command line test -->
  </suite> <!-- com.capg.my_maven_project.AppTest -->
</testng-results>
