<?xml version="1.0" encoding="UTF-8"?>
<testng-results skipped="0" failed="0" ignored="0" total="1" passed="1">
  <reporter-output>
  </reporter-output>
  <suite name="Default suite" duration-ms="41" started-at="2017-12-30T09:17:16Z" finished-at="2017-12-30T09:17:16Z">
    <groups>
    </groups>
    <test name="Default test" duration-ms="41" started-at="2017-12-30T09:17:16Z" finished-at="2017-12-30T09:17:16Z">
      <class name="com.capg.my_maven_project.AppTest">
        <test-method status="PASS" signature="sample()[pri:0, instance:com.capg.my_maven_project.AppTest@7f9a81e8]" name="sample" duration-ms="10" started-at="2017-12-30T20:17:16Z" finished-at="2017-12-30T20:17:16Z">
          <reporter-output>
          </reporter-output>
        </test-method> <!-- sample -->
      </class> <!-- com.capg.my_maven_project.AppTest -->
    </test> <!-- Default test -->
  </suite> <!-- Default suite -->
</testng-results>
